This is pdfTeX, Version 3.14159265-2.6-1.40.21 (MiKTeX 20.10) (preloaded format=pdflatex 2020.10.26)  28 OCT 2020 10:44
entering extended mode
**c:/Users/Andrey.Hromov/Documents/GitHub/KAMA/ProgramDescripton/main.tex
(c:/Users/Andrey.Hromov/Documents/GitHub/KAMA/ProgramDescripton/main.tex
LaTeX2e <2020-10-01> patch level 1
L3 programming layer <2020-10-05> xparse <2020-03-03> ("C:\Users\Andrey.Hromov\AppData\Local\Programs\MiKTeX 2.9\tex/latex/base\article.cls"
Document Class: article 2020/04/10 v1.4m Standard LaTeX document class
("C:\Users\Andrey.Hromov\AppData\Local\Programs\MiKTeX 2.9\tex/latex/base\size10.clo"
File: size10.clo 2020/04/10 v1.4m Standard LaTeX file (size option)
)
\c@part=\count175
\c@section=\count176
\c@subsection=\count177
\c@subsubsection=\count178
\c@paragraph=\count179
\c@subparagraph=\count180
\c@figure=\count181
\c@table=\count182
\abovecaptionskip=\skip47
\belowcaptionskip=\skip48
\bibindent=\dimen138
) ("C:\Users\Andrey.Hromov\AppData\Local\Programs\MiKTeX 2.9\tex/latex/extsizes\extsizes.sty"
Package: extsizes 1996/10/08 v1.0 Non Standard LaTeX Package


Package ExtSizes Warning: It is better to use one of the extsizes classes,
 if you can.

("C:\Users\Andrey.Hromov\AppData\Local\Programs\MiKTeX 2.9\tex/latex/extsizes\size14.clo"
File: size14.clo 1999/11/11 v1.4a NON-Standard LaTeX file (size option)
)) ("C:\Users\Andrey.Hromov\AppData\Local\Programs\MiKTeX 2.9\tex/latex/ucs\ucs.sty"
Package: ucs 2013/05/11 v2.2 UCS: Unicode input support
 ("C:\Users\Andrey.Hromov\AppData\Local\Programs\MiKTeX 2.9\tex/latex/ucs\uni-global.def"
File: uni-global.def 2013/05/13 UCS: Unicode global data
)
\uc@secondtry=\count183
\uc@combtoks=\toks15
\uc@combtoksb=\toks16
\uc@temptokena=\toks17
) ("C:\Users\Andrey.Hromov\AppData\Local\Programs\MiKTeX 2.9\tex/latex/base\inputenc.sty"
Package: inputenc 2020/08/01 v1.3d Input encoding file
\inpenc@prehook=\toks18
\inpenc@posthook=\toks19
 ("C:\Users\Andrey.Hromov\AppData\Local\Programs\MiKTeX 2.9\tex/latex/ucs\utf8x.def"
File: utf8x.def 2004/10/17 UCS: Input encoding UTF-8
)) ("C:\Users\Andrey.Hromov\AppData\Local\Programs\MiKTeX 2.9\tex/generic/babel\babel.sty"
Package: babel 2020/10/06 3.50 The Babel package
 ("C:\Users\Andrey.Hromov\AppData\Local\Programs\MiKTeX 2.9\tex/generic/babel\babel.def"
File: babel.def 2020/10/06 3.50 Babel common definitions
\babel@savecnt=\count184
\U@D=\dimen139
\l@babelnohyphens=\language83
 ("C:\Users\Andrey.Hromov\AppData\Local\Programs\MiKTeX 2.9\tex/generic/babel\txtbabel.def")
\bbl@readstream=\read2
)
\bbl@dirlevel=\count185

*************************************
* Local config file bblopts.cfg used
*
("C:\Users\Andrey.Hromov\AppData\Local\Programs\MiKTeX 2.9\tex/latex/arabi\bblopts.cfg"
File: bblopts.cfg 2005/09/08 v0.1 add Arabic and Farsi to "declared" options of babel
) ("C:\Users\Andrey.Hromov\AppData\Local\Programs\MiKTeX 2.9\tex/latex/babel-russian\russianb.ldf"
File: russianb.ldf 2020/09/09 1.3k Russian support for the Babel system
Language: russian 2020/09/09 1.3k Russian support for the Babel system


Package babel Warning: No Cyrillic font encoding has been loaded so far.
(babel)                A font encoding should be declared before babel.
(babel)                Default `T2A' encoding will be loaded  on input line 74.

("C:\Users\Andrey.Hromov\AppData\Local\Programs\MiKTeX 2.9\tex/latex/cyrillic\t2aenc.def"
File: t2aenc.def 2005/09/27 v1.0i Cyrillic encoding definition file
)
Package babel Info: Making " an active character on input line 120.
Package babel Info: Default for \cyrdash is provided on input line 157.
)) ("C:\Users\Andrey.Hromov\AppData\Local\Programs\MiKTeX 2.9\tex/latex/tools\indentfirst.sty"
Package: indentfirst 1995/11/23 v1.03 Indent first paragraph (DPC)
) ("C:\Users\Andrey.Hromov\AppData\Local\Programs\MiKTeX 2.9\tex/latex/amsmath\amstext.sty"
Package: amstext 2000/06/29 v2.01 AMS text
 ("C:\Users\Andrey.Hromov\AppData\Local\Programs\MiKTeX 2.9\tex/latex/amsmath\amsgen.sty"
File: amsgen.sty 1999/11/30 v2.0 generic functions
\@emptytoks=\toks20
\ex@=\dimen140
)) ("C:\Users\Andrey.Hromov\AppData\Local\Programs\MiKTeX 2.9\tex/latex/graphics\lscape.sty"
Package: lscape 2020/05/28 v3.02 Landscape Pages (DPC)
 ("C:\Users\Andrey.Hromov\AppData\Local\Programs\MiKTeX 2.9\tex/latex/graphics\graphics.sty"
Package: graphics 2020/08/30 v1.4c Standard LaTeX Graphics (DPC,SPQR)
 ("C:\Users\Andrey.Hromov\AppData\Local\Programs\MiKTeX 2.9\tex/latex/graphics\trig.sty"
Package: trig 2016/01/03 v1.10 sin cos tan (DPC)
) ("C:\Users\Andrey.Hromov\AppData\Local\Programs\MiKTeX 2.9\tex/latex/graphics-cfg\graphics.cfg"
File: graphics.cfg 2016/06/04 v1.11 sample graphics configuration
)
Package graphics Info: Driver file: pdftex.def on input line 105.
 ("C:\Users\Andrey.Hromov\AppData\Local\Programs\MiKTeX 2.9\tex/latex/graphics-def\pdftex.def"
File: pdftex.def 2020/10/05 v1.2a Graphics/color driver for pdftex
))) ("C:\Users\Andrey.Hromov\AppData\Local\Programs\MiKTeX 2.9\tex/latex/base\textcomp.sty"
Package: textcomp 2020/02/02 v2.0n Standard LaTeX package
) ("C:\Users\Andrey.Hromov\AppData\Local\Programs\MiKTeX 2.9\tex/latex/multirow\multirow.sty"
Package: multirow 2019/05/31 v2.5 Span multiple rows of a table
\multirow@colwidth=\skip49
\multirow@cntb=\count186
\multirow@dima=\skip50
\bigstrutjot=\dimen141
) (c:/Users\Andrey.Hromov\Documents\GitHub\KAMA\ProgramDescripton\uspd.sty ("C:\Users\Andrey.Hromov\AppData\Local\Programs\MiKTeX 2.9\tex/latex/graphics\rotating.sty"
Package: rotating 2016/08/11 v2.16d rotated objects in LaTeX
 ("C:\Users\Andrey.Hromov\AppData\Local\Programs\MiKTeX 2.9\tex/latex/graphics\graphicx.sty"
Package: graphicx 2020/09/09 v1.2b Enhanced LaTeX Graphics (DPC,SPQR)
 ("C:\Users\Andrey.Hromov\AppData\Local\Programs\MiKTeX 2.9\tex/latex/graphics\keyval.sty"
Package: keyval 2014/10/28 v1.15 key=value parser (DPC)
\KV@toks@=\toks21
)
\Gin@req@height=\dimen142
\Gin@req@width=\dimen143
) ("C:\Users\Andrey.Hromov\AppData\Local\Programs\MiKTeX 2.9\tex/latex/base\ifthen.sty"
Package: ifthen 2014/09/29 v1.1c Standard LaTeX ifthen package (DPC)
)
\c@r@tfl@t=\count187
\rotFPtop=\skip51
\rotFPbot=\skip52
\rot@float@box=\box47
\rot@mess@toks=\toks22
) ("C:\Users\Andrey.Hromov\AppData\Local\Programs\MiKTeX 2.9\tex/latex/tools\longtable.sty"
Package: longtable 2020/01/07 v4.13 Multi-page Table package (DPC)
\LTleft=\skip53
\LTright=\skip54
\LTpre=\skip55
\LTpost=\skip56
\LTchunksize=\count188
\LTcapwidth=\dimen144
\LT@head=\box48
\LT@firsthead=\box49
\LT@foot=\box50
\LT@lastfoot=\box51
\LT@cols=\count189
\LT@rows=\count190
\c@LT@tables=\count191
\c@LT@chunks=\count192
\LT@p@ftn=\toks23
)) (c:/Users\Andrey.Hromov\Documents\GitHub\KAMA\ProgramDescripton\mydoc.sty
Package: mydoc 
 ("C:\Users\Andrey.Hromov\AppData\Local\Programs\MiKTeX 2.9\tex/latex/l3packages/xparse\xparse.sty" ("C:\Users\Andrey.Hromov\AppData\Local\Programs\MiKTeX 2.9\tex/latex/l3kernel\expl3.sty"
Package: expl3 2020-10-05 L3 programming layer (loader) 
 ("C:\Users\Andrey.Hromov\AppData\Local\Programs\MiKTeX 2.9\tex/latex/l3backend\l3backend-pdftex.def"
File: l3backend-pdftex.def 2020-09-24 L3 backend support: PDF output (pdfTeX)
\l__kernel_color_stack_int=\count193
\l__pdf_internal_box=\box52
))
Package: xparse 2020-10-05 L3 Experimental document command parser
 ("C:\Users\Andrey.Hromov\AppData\Local\Programs\MiKTeX 2.9\tex/latex/l3packages/xparse\xparse-generic.tex")) ("C:\Users\Andrey.Hromov\AppData\Local\Programs\MiKTeX 2.9\tex/latex/graphics\color.sty"
Package: color 2020/02/24 v1.2b Standard LaTeX Color (DPC)
 ("C:\Users\Andrey.Hromov\AppData\Local\Programs\MiKTeX 2.9\tex/latex/graphics-cfg\color.cfg"
File: color.cfg 2016/01/02 v1.6 sample color configuration
)
Package color Info: Driver file: pdftex.def on input line 147.
) ("C:\Users\Andrey.Hromov\AppData\Local\Programs\MiKTeX 2.9\tex/latex/tools\calc.sty"
Package: calc 2017/05/25 v4.3 Infix arithmetic (KKT,FJ)
\calc@Acount=\count194
\calc@Bcount=\count195
\calc@Adimen=\dimen145
\calc@Bdimen=\dimen146
\calc@Askip=\skip57
\calc@Bskip=\skip58
LaTeX Info: Redefining \setlength on input line 80.
LaTeX Info: Redefining \addtolength on input line 81.
\calc@Ccount=\count196
\calc@Cskip=\skip59
) ("C:\Users\Andrey.Hromov\AppData\Local\Programs\MiKTeX 2.9\tex/latex/tools\verbatim.sty"
Package: verbatim 2019/11/10 v1.5r LaTeX2e package for verbatim enhancements
\every@verbatim=\toks24
\verbatim@line=\toks25
\verbatim@in@stream=\read3
) ("C:\Users\Andrey.Hromov\AppData\Local\Programs\MiKTeX 2.9\tex/latex/listings\listings.sty"
\lst@mode=\count197
\lst@gtempboxa=\box53
\lst@token=\toks26
\lst@length=\count198
\lst@currlwidth=\dimen147
\lst@column=\count199
\lst@pos=\count266
\lst@lostspace=\dimen148
\lst@width=\dimen149
\lst@newlines=\count267
\lst@lineno=\count268
\lst@maxwidth=\dimen150
 ("C:\Users\Andrey.Hromov\AppData\Local\Programs\MiKTeX 2.9\tex/latex/listings\lstmisc.sty"
File: lstmisc.sty 2020/03/24 1.8d (Carsten Heinz)
\c@lstnumber=\count269
\lst@skipnumbers=\count270
\lst@framebox=\box54
) ("C:\Users\Andrey.Hromov\AppData\Local\Programs\MiKTeX 2.9\tex/latex/listings\listings.cfg"
File: listings.cfg 2020/03/24 1.8d listings configuration
))
Package: listings 2020/03/24 1.8d (Carsten Heinz)
 ("C:\Users\Andrey.Hromov\AppData\Local\Programs\MiKTeX 2.9\tex/latex/base\fontenc.sty"
Package: fontenc 2020/08/10 v2.0s Standard LaTeX package
) ("C:\Users\Andrey.Hromov\AppData\Local\Programs\MiKTeX 2.9\tex/latex/placeins\placeins.sty"
Package: placeins 2005/04/18  v 2.2
) ("C:\Users\Andrey.Hromov\AppData\Local\Programs\MiKTeX 2.9\tex/latex/caption\caption.sty"
Package: caption 2020/09/12 v3.5b Customizing captions (AR)
 ("C:\Users\Andrey.Hromov\AppData\Local\Programs\MiKTeX 2.9\tex/latex/caption\caption3.sty"
Package: caption3 2020/09/17 v2.1b caption3 kernel (AR)
\captionmargin=\dimen151
\captionmargin@=\dimen152
\captionwidth=\dimen153
\caption@tempdima=\dimen154
\caption@indent=\dimen155
\caption@parindent=\dimen156
\caption@hangindent=\dimen157
Package caption Info: Standard document class detected.
)
\c@caption@flags=\count271
\c@continuedfloat=\count272
Package caption Info: listings package is loaded.
Package caption Info: longtable package is loaded.
 ("C:\Users\Andrey.Hromov\AppData\Local\Programs\MiKTeX 2.9\tex/latex/caption\ltcaption.sty"
Package: ltcaption 2020/05/30 v1.4b longtable captions (AR)
)
Package caption Info: rotating package is loaded.
) ("C:\Users\Andrey.Hromov\AppData\Local\Programs\MiKTeX 2.9\tex/latex/xcolor\xcolor.sty"
Package: xcolor 2016/05/11 v2.12 LaTeX color extensions (UK)
 ("C:\Users\Andrey.Hromov\AppData\Local\Programs\MiKTeX 2.9\tex/latex/graphics-cfg\color.cfg"
File: color.cfg 2016/01/02 v1.6 sample color configuration
)
Package xcolor Info: Driver file: pdftex.def on input line 225.
 ("C:\Users\Andrey.Hromov\AppData\Local\Programs\MiKTeX 2.9\tex/latex/colortbl\colortbl.sty"
Package: colortbl 2020/01/04 v1.0e Color table columns (DPC)
 ("C:\Users\Andrey.Hromov\AppData\Local\Programs\MiKTeX 2.9\tex/latex/tools\array.sty"
Package: array 2019/08/31 v2.4l Tabular extension package (FMi)
\col@sep=\dimen158
\ar@mcellbox=\box55
\extrarowheight=\dimen159
\NC@list=\toks27
\extratabsurround=\skip60
\backup@length=\skip61
\ar@cellbox=\box56
)
\everycr=\toks28
\minrowclearance=\skip62
)
LaTeX Info: Redefining \color on input line 709.
\rownum=\count273
Package xcolor Info: Model `cmy' substituted by `cmy0' on input line 1348.
Package xcolor Info: Model `hsb' substituted by `rgb' on input line 1352.
Package xcolor Info: Model `RGB' extended on input line 1364.
Package xcolor Info: Model `HTML' substituted by `rgb' on input line 1366.
Package xcolor Info: Model `Hsb' substituted by `hsb' on input line 1367.
Package xcolor Info: Model `tHsb' substituted by `hsb' on input line 1368.
Package xcolor Info: Model `HSB' substituted by `hsb' on input line 1369.
Package xcolor Info: Model `Gray' substituted by `gray' on input line 1370.
Package xcolor Info: Model `wave' substituted by `hsb' on input line 1371.
)
\c@parcount=\count274
\c@subparcount=\count275
\c@subsubparcount=\count276
\imageheight=\skip63
\imagewidth=\skip64
\colI=\skip65
\colII=\skip66
\colIII=\skip67
\colIV=\skip68
\colV=\skip69
\colVI=\skip70
\colVII=\skip71
\colVIII=\skip72
\colIX=\skip73
\colX=\skip74
\colXI=\skip75
\colXII=\skip76
\colXIII=\skip77
\colXIV=\skip78
\colXV=\skip79
) ("C:\Users\Andrey.Hromov\AppData\Local\Programs\MiKTeX 2.9\tex/latex/float\float.sty"
Package: float 2001/11/08 v1.3d Float enhancements (AL)
\c@float@type=\count277
\float@exts=\toks29
\float@box=\box57
\@float@everytoks=\toks30
\@floatcapt=\box58
)
\@indexfile=\write3
\openout3 = `main.idx'.


Writing index file main.idx
(c:/Users\Andrey.Hromov\Documents\GitHub\KAMA\ProgramDescripton\main.aux)
\openout1 = `main.aux'.

LaTeX Font Info:    Checking defaults for OML/cmm/m/it on input line 29.
LaTeX Font Info:    ... okay on input line 29.
LaTeX Font Info:    Checking defaults for OMS/cmsy/m/n on input line 29.
LaTeX Font Info:    ... okay on input line 29.
LaTeX Font Info:    Checking defaults for OT1/cmr/m/n on input line 29.
LaTeX Font Info:    ... okay on input line 29.
LaTeX Font Info:    Checking defaults for T1/cmr/m/n on input line 29.
LaTeX Font Info:    ... okay on input line 29.
LaTeX Font Info:    Checking defaults for TS1/cmr/m/n on input line 29.
LaTeX Font Info:    ... okay on input line 29.
LaTeX Font Info:    Checking defaults for OMX/cmex/m/n on input line 29.
LaTeX Font Info:    ... okay on input line 29.
LaTeX Font Info:    Checking defaults for U/cmr/m/n on input line 29.
LaTeX Font Info:    ... okay on input line 29.
LaTeX Font Info:    Checking defaults for T2A/cmr/m/n on input line 29.
LaTeX Font Info:    Trying to load font information for T2A+cmr on input line 29.
 ("C:\Users\Andrey.Hromov\AppData\Local\Programs\MiKTeX 2.9\tex/latex/cyrillic\t2acmr.fd"
File: t2acmr.fd 2001/08/11 v1.0a Computer Modern Cyrillic font definitions
)
LaTeX Font Info:    ... okay on input line 29.
 ("C:\Users\Andrey.Hromov\AppData\Local\Programs\MiKTeX 2.9\tex/latex/ucs\ucsencs.def"
File: ucsencs.def 2011/01/21 Fixes to fontencodings LGR, T3
)
LaTeX Info: Redefining \th on input line 29.
 ("C:\Users\Andrey.Hromov\AppData\Local\Programs\MiKTeX 2.9\tex/context/base/mkii\supp-pdf.mkii"
[Loading MPS to PDF converter (version 2006.09.02).]
\scratchcounter=\count278
\scratchdimen=\dimen160
\scratchbox=\box59
\nofMPsegments=\count279
\nofMParguments=\count280
\everyMPshowfont=\toks31
\MPscratchCnt=\count281
\MPscratchDim=\dimen161
\MPnumerator=\count282
\makeMPintoPDFobject=\count283
\everyMPtoPDFconversion=\toks32
) ("C:\Users\Andrey.Hromov\AppData\Local\Programs\MiKTeX 2.9\tex/latex/epstopdf-pkg\epstopdf-base.sty"
Package: epstopdf-base 2020-01-24 v2.11 Base part for package epstopdf
Package epstopdf-base Info: Redefining graphics rule for `.eps' on input line 485.
)
\c@lstlisting=\count284
Package caption Info: Begin \AtBeginDocument code.
Package caption Info: float package is loaded.
Package caption Info: End \AtBeginDocument code.
 ("C:\Users\Andrey.Hromov\AppData\Local\Programs\MiKTeX 2.9\tex/latex/ucs\uni-4.def"
File: uni-4.def 2013/05/13 UCS: Unicode data U+0400..U+04FF
) ("C:\Users\Andrey.Hromov\AppData\Local\Programs\MiKTeX 2.9\tex/latex/ucs\uni-33.def"
File: uni-33.def 2013/05/13 UCS: Unicode data U+2100..U+21FF
) ("C:\Users\Andrey.Hromov\AppData\Local\Programs\MiKTeX 2.9\tex/latex/ucs\uni-0.def"
File: uni-0.def 2013/05/13 UCS: Unicode data U+0000..U+00FF
)

LaTeX Warning: Reference `endlu' on page 1 undefined on input line 30.


LaTeX Warning: Reference `enddoc' on page 1 undefined on input line 30.

[1

{C:/Users/Andrey.Hromov/AppData/Local/MiKTeX/2.9/pdftex/config/pdftex.map}] [2]
LaTeX Font Info:    Trying to load font information for T2A+cmss on input line 30.
 ("C:\Users\Andrey.Hromov\AppData\Local\Programs\MiKTeX 2.9\tex/latex/cyrillic\t2acmss.fd"
File: t2acmss.fd 2001/08/11 v1.0a Computer Modern Cyrillic font definitions
)
LaTeX Font Info:    External font `cmex10' loaded for size
(Font)              <14.4> on input line 30.
LaTeX Font Info:    External font `cmex10' loaded for size
(Font)              <7> on input line 30.

Overfull \hbox (14.22638pt too wide) in paragraph at lines 30--30
 []$ 
 []


Underfull \hbox (badness 10000) in paragraph at lines 30--30
[]|\T2A/cmr/m/n/14.4 Пред-ста-ви-те-ли пред-при-я-тия--
 []


Underfull \hbox (badness 10000) in paragraph at lines 30--30
[]|\T2A/cmr/m/n/14.4 Главный кон-струк-тор ЗАО
 []

[1] [1]

LaTeX Warning: Reference `logic' on page 2 undefined on input line 30.


Overfull \hbox (6.08438pt too wide) has occurred while \output is active
 [] 
 []

[2]
No file main.toc.
\tf@toc=\write4
\openout4 = `main.toc'.


Overfull \hbox (6.08438pt too wide) has occurred while \output is active
 [] 
 []

[3]
\openout2 = `purpose.aux'.

 (c:/Users\Andrey.Hromov\Documents\GitHub\KAMA\ProgramDescripton\purpose.tex
Overfull \hbox (6.08438pt too wide) has occurred while \output is active
 [] 
 []

[4

]
Overfull \hbox (6.08438pt too wide) has occurred while \output is active
 [] 
 []

[5])
Underfull \hbox (badness 2970) in paragraph at lines 56--31
[]\T2A/cmr/m/n/14.4 Код про-грам-мы на-пи-сан на язы-ках про-рам-ми-ро-ва-ния С++`14, С`11.
 []


Overfull \hbox (6.08438pt too wide) has occurred while \output is active
 [] 
 []

[6]
\openout2 = `logic.aux'.

 (c:/Users\Andrey.Hromov\Documents\GitHub\KAMA\ProgramDescripton\logic.tex

LaTeX Warning: Reference `fig:general_scheme' on page 7 undefined on input line 3.

<images/general_scheme.png, id=42, 924.45375pt x 1087.06125pt>
File: images/general_scheme.png Graphic file (type png)
<use images/general_scheme.png>
Package pdftex.def Info: images/general_scheme.png  used on input line 6.
(pdftex.def)             Requested size: 512.1496pt x 602.23138pt.

Overfull \hbox (6.08438pt too wide) has occurred while \output is active
 [] 
 []

[7



]

LaTeX Warning: Reference `fig:FS' on page 8 undefined on input line 11.

<images/FS.png, id=46, 556.0775pt x 813.0375pt>
File: images/FS.png Graphic file (type png)
<use images/FS.png>
Package pdftex.def Info: images/FS.png  used on input line 14.
(pdftex.def)             Requested size: 409.72124pt x 599.0579pt.

Overfull \hbox (6.08438pt too wide) has occurred while \output is active
 [] 
 []

[8 <c:/Users/Andrey.Hromov/Documents/GitHub/KAMA/ProgramDescripton/images/general_scheme.png>]
Overfull \hbox (6.08438pt too wide) has occurred while \output is active
 [] 
 []

[9 <c:/Users/Andrey.Hromov/Documents/GitHub/KAMA/ProgramDescripton/images/FS.png>]
c:/Users\Andrey.Hromov\Documents\GitHub\KAMA\ProgramDescripton\logic.tex:45: Undefined control sequence.
l.45 \subsecton
               {Р—Р°РґР°С‡Р° С„РѕСЂРјРёСЂРѕРІР°РЅРёСЏ СЃРєРѕСЂРѕСЃС‚РµР№ РѕР...
The control sequence at the end of the top line
of your error message was never \def'ed. If you have
misspelled it (e.g., `\hobx'), type `I' and the correct
spelling (e.g., `I\hbox'). Otherwise just continue,
and I'll forget about whatever was undefined.


LaTeX Warning: Reference `fig:OS' on page 10 undefined on input line 46.

<images/OS_simple.png, id=53, 413.545pt x 567.11874pt>
File: images/OS_simple.png Graphic file (type png)
<use images/OS_simple.png>
Package pdftex.def Info: images/OS_simple.png  used on input line 49.
(pdftex.def)             Requested size: 409.72124pt x 561.89063pt.

Overfull \hbox (6.08438pt too wide) has occurred while \output is active
 [] 
 []

[10]
Underfull \hbox (badness 2173) in paragraph at lines 54--58
[]\T2A/cmr/m/n/14.4 Формирует уг-ло-вую ско-рость кор-рек-ции $\OML/cmm/m/it/14.4 !$ \T2A/cmr/m/n/14.4 ( omx , omy, omz ) -
 []


Overfull \hbox (6.08438pt too wide) has occurred while \output is active
 [] 
 []

[11 <c:/Users/Andrey.Hromov/Documents/GitHub/KAMA/ProgramDescripton/images/OS_simple.png>] ("C:\Users\Andrey.Hromov\AppData\Local\Programs\MiKTeX 2.9\tex/latex/ucs\uni-3.def"
File: uni-3.def 2013/05/13 UCS: Unicode data U+0300..U+03FF
) ("C:\Users\Andrey.Hromov\AppData\Local\Programs\MiKTeX 2.9\tex/latex/ucs\uninames.dat"
File: uninames.dat 2013/05/13 UCS: Unicode character names, compressed
) ("C:\Users\Andrey.Hromov\AppData\Local\Programs\MiKTeX 2.9\tex/latex/ucs\uni-3.def"
File: uni-3.def 2013/05/13 UCS: Unicode data U+0300..U+03FF
)

c:/Users\Andrey.Hromov\Documents\GitHub\KAMA\ProgramDescripton\logic.tex:72: Package ucs Error: Unknown Unicode character 870 = U+0366,
(ucs)                possibly declared in uni-3.def.
(ucs)                Type H to see if it is available with options.

See the ucs package documentation for explanation.
Type  H <return>  for immediate help.
 ...                                              
                                                  
l.72 ...Р°С‡РµРЅРёСЏ 2.e-4  СЂР°Рґ.СЃРµРє  (60  Н¦
                                                   С‡Р°СЃ)  РІРєР»СЋС‡Р°РµС‚...
Unicode character 870 = U+0366:
COMBINING LATIN SMALL LETTER O
Character is not defined in uni-*.def files.
Enter I!<RET> to define the glyph.


LaTeX Warning: Reference `fig:PK' on page 12 undefined on input line 92.

c:/Users\Andrey.Hromov\Documents\GitHub\KAMA\ProgramDescripton\logic.tex:93: Undefined control sequence.
\u-default-916 #1->\textDelta 
                              
l.93 ...»СЋС‚РЅРѕРіРѕ СѓРіР»Р° РїРѕРІРѕСЂРѕС‚Р° О”
                                                  Фљ РІ РїСЂРѕРµРєС†РёСЏС… Р...
The control sequence at the end of the top line
of your error message was never \def'ed. If you have
misspelled it (e.g., `\hobx'), type `I' and the correct
spelling (e.g., `I\hbox'). Otherwise just continue,
and I'll forget about whatever was undefined.

("C:\Users\Andrey.Hromov\AppData\Local\Programs\MiKTeX 2.9\tex/latex/ucs\uni-5.def"
File: uni-5.def 2013/05/13 UCS: Unicode data U+0500..U+05FF
) ("C:\Users\Andrey.Hromov\AppData\Local\Programs\MiKTeX 2.9\tex/latex/ucs\uninames.dat"
File: uninames.dat 2013/05/13 UCS: Unicode character names, compressed
) ("C:\Users\Andrey.Hromov\AppData\Local\Programs\MiKTeX 2.9\tex/latex/ucs\uni-5.def"
File: uni-5.def 2013/05/13 UCS: Unicode data U+0500..U+05FF
)

c:/Users\Andrey.Hromov\Documents\GitHub\KAMA\ProgramDescripton\logic.tex:93: Package ucs Error: Unknown Unicode character 1306 = U+051A,
(ucs)                possibly declared in uni-5.def.
(ucs)                Type H to see if it is available with options.

See the ucs package documentation for explanation.
Type  H <return>  for immediate help.
 ...                                              
                                                  
l.93 ...ЋС‚РЅРѕРіРѕ СѓРіР»Р° РїРѕРІРѕСЂРѕС‚Р° О”Фљ
                                                   РІ РїСЂРѕРµРєС†РёСЏС… РЅР...
Unicode character 1306 = U+051A:
CYRILLIC CAPITAL LETTER QA
Character is not defined in uni-*.def files.
Enter I!<RET> to define the glyph.

<images/PK.png, id=62, 556.0775pt x 1205.50375pt>
File: images/PK.png Graphic file (type png)
<use images/PK.png>
Package pdftex.def Info: images/PK.png  used on input line 98.
(pdftex.def)             Requested size: 409.72124pt x 888.23277pt.

Overfull \hbox (6.08438pt too wide) has occurred while \output is active
 [] 
 []

[12]
Overfull \hbox (6.08438pt too wide) has occurred while \output is active
 [] 
 []

[13]
Overfull \vbox (212.4497pt too high) has occurred while \output is active []


Overfull \hbox (6.08438pt too wide) has occurred while \output is active
 [] 
 []

[14 <c:/Users/Andrey.Hromov/Documents/GitHub/KAMA/ProgramDescripton/images/PK.png>])
\openout2 = `appendix.aux'.


No file appendix.tex.

Overfull \hbox (2.26791pt too wide) in paragraph at lines 34--34
[]\T2A/cmr/m/n/12 Изм 
 []


Underfull \hbox (badness 10000) in paragraph at lines 34--34
[]\T2A/cmr/m/n/12 из-ме-нјн-
 []


Underfull \hbox (badness 10000) in paragraph at lines 34--34
[]\T2A/cmr/m/n/12 за-ме-нјн-
 []


Underfull \hbox (badness 10000) in paragraph at lines 34--34
[]\T2A/cmr/m/n/12 ан-ну-ли-
 []


Underfull \hbox (badness 10000) in paragraph at lines 34--34
\T2A/cmr/m/n/12 ро-ван-
 []


Underfull \hbox (badness 10000) in paragraph at lines 34--34
[]\T2A/cmr/m/n/12 Всего
 []


Underfull \hbox (badness 10000) in paragraph at lines 34--34
\T2A/cmr/m/n/12 ли-стов
 []


Underfull \hbox (badness 10000) in paragraph at lines 34--34
\T2A/cmr/m/n/12 (стра-
 []


Underfull \hbox (badness 10000) in paragraph at lines 34--34
\T2A/cmr/m/n/12 ниц) в
 []


Underfull \hbox (badness 10000) in paragraph at lines 34--34
[]\T2A/cmr/m/n/12 Входящий
 []


Underfull \hbox (badness 2368) in paragraph at lines 34--34
\T2A/cmr/m/n/12 ќ со-про-во-
 []


Underfull \hbox (badness 10000) in paragraph at lines 34--34
\T2A/cmr/m/n/12 ди-тель-но-го
 []


Underfull \hbox (badness 10000) in paragraph at lines 34--34
\T2A/cmr/m/n/12 до-кум и
 []


Overfull \hbox (14.22362pt too wide) in paragraph at lines 34--34
[] 
 []


Overfull \hbox (6.08438pt too wide) has occurred while \output is active
 [] 
 []

[15





] (c:/Users\Andrey.Hromov\Documents\GitHub\KAMA\ProgramDescripton\main.aux (c:/Users\Andrey.Hromov\Documents\GitHub\KAMA\ProgramDescripton\purpose.aux) (c:/Users\Andrey.Hromov\Documents\GitHub\KAMA\ProgramDescripton\logic.aux) (c:/Users\Andrey.Hromov\Documents\GitHub\KAMA\ProgramDescripton\appendix.aux))

LaTeX Warning: There were undefined references.


LaTeX Warning: Label(s) may have changed. Rerun to get cross-references right.

 ) 
Here is how much of TeX's memory you used:
 8939 strings out of 480202
 133139 string characters out of 2873113
 425364 words of memory out of 3000000
 25349 multiletter control sequences out of 15000+200000
 548360 words of font info for 48 fonts, out of 3000000 for 9000
 1141 hyphenation exceptions out of 8191
 72i,13n,78p,724b,725s stack positions out of 5000i,500n,10000p,200000b,50000s
 <C:\Users\Andrey.Hromov\AppData\Local\MiKTeX\2.9\fonts/pk/ljfour/lh/lh-t2a/dpi600\larm1200.pk> <C:\Users\Andrey.Hromov\AppData\Local\MiKTeX\2.9\fonts/pk/ljfour/lh/lh-t2a/dpi600\larm2074.pk> <C:\Users\Andrey.Hromov\AppData\Local\MiKTeX\2.9\fonts/pk/ljfour/lh/lh-t2a/dpi600\labx1728.pk> <C:\Users\Andrey.Hromov\AppData\Local\MiKTeX\2.9\fonts/pk/ljfour/lh/lh-t2a/dpi600\labx2074.pk> <C:\Users\Andrey.Hromov\AppData\Local\MiKTeX\2.9\fonts/pk/ljfour/lh/lh-t2a/dpi600\lass1728.pk> <C:\Users\Andrey.Hromov\AppData\Local\MiKTeX\2.9\fonts/pk/ljfour/lh/lh-t2a/dpi600\lasx1440.pk> <C:\Users\Andrey.Hromov\AppData\Local\MiKTeX\2.9\fonts/pk/ljfour/lh/lh-t2a/dpi600\larm1440.pk> <C:\Users\Andrey.Hromov\AppData\Local\MiKTeX\2.9\fonts/pk/ljfour/lh/lh-t2a/dpi600\labx1440.pk> <C:\Users\Andrey.Hromov\AppData\Local\MiKTeX\2.9\fonts/pk/ljfour/lh/lh-t2a/dpi600\lass1440.pk> <C:\Users\Andrey.Hromov\AppData\Local\MiKTeX\2.9\fonts/pk/ljfour/lh/lh-t2a/dpi600\larm0600.pk> <C:\Users\Andrey.Hromov\AppData\Local\MiKTeX\2.9\fonts/pk/ljfour/lh/lh-t2a/dpi600\labx0600.pk> <C:\Users\Andrey.Hromov\AppData\Local\MiKTeX\2.9\fonts/pk/ljfour/lh/lh-t2a/dpi600\labx1200.pk> <C:\Users\Andrey.Hromov\AppData\Local\MiKTeX\2.9\fonts/pk/ljfour/lh/lh-t2a/dpi600\larm0800.pk> <C:\Users\Andrey.Hromov\AppData\Local\MiKTeX\2.9\fonts/pk/ljfour/lh/lh-t2a/dpi600\larm1000.pk><C:/Users/Andrey.Hromov/AppData/Local/Programs/MiKTeX 2.9/fonts/type1/public/amsfonts/cm/cmmi12.pfb><C:/Users/Andrey.Hromov/AppData/Local/Programs/MiKTeX 2.9/fonts/type1/public/amsfonts/cm/cmr12.pfb><C:/Users/Andrey.Hromov/AppData/Local/Programs/MiKTeX 2.9/fonts/type1/public/amsfonts/cm/cmsy10.pfb><C:/Users/Andrey.Hromov/AppData/Local/Programs/MiKTeX 2.9/fonts/type1/public/amsfonts/cm/cmtt12.pfb>
Output written on c:/Users\Andrey.Hromov\Documents\GitHub\KAMA\ProgramDescripton\main.pdf (18 pages, 340510 bytes).
PDF statistics:
 601 PDF objects out of 1000 (max. 8388607)
 0 named destinations out of 1000 (max. 500000)
 21 words of extra memory for PDF output out of 10000 (max. 10000000)

